0 info it worked if it ends with ok
1 verbose cli [ 'C:\\Program Files\\nodejs\\node.exe',
1 verbose cli   'C:\\Program Files\\nodejs\\node_modules\\npm\\bin\\npm-cli.js',
1 verbose cli   'install',
1 verbose cli   'bootstrap-loader' ]
2 info using npm@3.7.3
3 info using node@v5.9.1
4 silly loadCurrentTree Starting
5 silly install loadCurrentTree
6 silly install readLocalPackageData
7 silly fetchPackageMetaData bootstrap-loader
8 silly fetchNamedPackageData bootstrap-loader
9 silly mapToRegistry name bootstrap-loader
10 silly mapToRegistry using default registry
11 silly mapToRegistry registry https://registry.npmjs.org/
12 silly mapToRegistry uri https://registry.npmjs.org/bootstrap-loader
13 verbose request uri https://registry.npmjs.org/bootstrap-loader
14 verbose request no auth needed
15 info attempt registry request try #1 at 9:43:04 AM
16 verbose request id 885a5e9017d31528
17 http request GET https://registry.npmjs.org/bootstrap-loader
18 info retry will retry, error on last attempt: Error: connect ETIMEDOUT 151.101.0.162:443
19 info attempt registry request try #2 at 9:43:35 AM
20 http request GET https://registry.npmjs.org/bootstrap-loader
21 info retry will retry, error on last attempt: Error: connect ETIMEDOUT 151.101.8.162:443
22 info attempt registry request try #3 at 9:44:56 AM
23 http request GET https://registry.npmjs.org/bootstrap-loader
24 silly fetchPackageMetaData Error: connect ETIMEDOUT 151.101.0.162:443
24 silly fetchPackageMetaData     at Object.exports._errnoException (util.js:890:11)
24 silly fetchPackageMetaData     at exports._exceptionWithHostPort (util.js:913:20)
24 silly fetchPackageMetaData     at TCPConnectWrap.afterConnect [as oncomplete] (net.js:1061:14)
24 silly fetchPackageMetaData  error for bootstrap-loader { [Error: connect ETIMEDOUT 151.101.0.162:443]
24 silly fetchPackageMetaData   code: 'ETIMEDOUT',
24 silly fetchPackageMetaData   errno: 'ETIMEDOUT',
24 silly fetchPackageMetaData   syscall: 'connect',
24 silly fetchPackageMetaData   address: '151.101.0.162',
24 silly fetchPackageMetaData   port: 443 }
25 silly rollbackFailedOptional Starting
26 silly rollbackFailedOptional Finishing
27 silly runTopLevelLifecycles Starting
28 silly runTopLevelLifecycles Finishing
29 silly install printInstalled
30 verbose stack Error: connect ETIMEDOUT 151.101.0.162:443
30 verbose stack     at Object.exports._errnoException (util.js:890:11)
30 verbose stack     at exports._exceptionWithHostPort (util.js:913:20)
30 verbose stack     at TCPConnectWrap.afterConnect [as oncomplete] (net.js:1061:14)
31 verbose cwd D:\Test\webpack-react
32 error Windows_NT 6.1.7601
33 error argv "C:\\Program Files\\nodejs\\node.exe" "C:\\Program Files\\nodejs\\node_modules\\npm\\bin\\npm-cli.js" "install" "bootstrap-loader"
34 error node v5.9.1
35 error npm  v3.7.3
36 error code ETIMEDOUT
37 error errno ETIMEDOUT
38 error syscall connect
39 error network connect ETIMEDOUT 151.101.0.162:443
40 error network This is most likely not a problem with npm itself
40 error network and is related to network connectivity.
40 error network In most cases you are behind a proxy or have bad network settings.
40 error network
40 error network If you are behind a proxy, please make sure that the
40 error network 'proxy' config is set properly.  See: 'npm help config'
41 verbose exit [ 1, true ]
